Traceback (most recent call last):
  File "C:\Users\Fujitsu\AppData\Local\Programs\Python\Python312\Lib\site-packages\jupyter_core\utils\__init__.py", line 154, in wrapped
    asyncio.get_running_loop()
RuntimeError: no running event loop

During handling of the above exception, another exception occurred:

Traceback (most recent call last):
  File "C:\Users\Fujitsu\AppData\Local\Programs\Python\Python312\Lib\site-packages\jupyter_cache\executors\utils.py", line 58, in single_nb_execution
    executenb(
  File "C:\Users\Fujitsu\AppData\Local\Programs\Python\Python312\Lib\site-packages\nbclient\client.py", line 1319, in execute
    return NotebookClient(nb=nb, resources=resources, km=km, **kwargs).execute()
           ^^^^^^^^^^^^^^^^^^^^^^^^^^^^^^^^^^^^^^^^^^^^^^^^^^^^^^^^^^^^^^^^^^^^^
  File "C:\Users\Fujitsu\AppData\Local\Programs\Python\Python312\Lib\site-packages\jupyter_core\utils\__init__.py", line 158, in wrapped
    return loop.run_until_complete(inner)
           ^^^^^^^^^^^^^^^^^^^^^^^^^^^^^^
  File "C:\Users\Fujitsu\AppData\Local\Programs\Python\Python312\Lib\asyncio\base_events.py", line 687, in run_until_complete
    return future.result()
           ^^^^^^^^^^^^^^^
  File "C:\Users\Fujitsu\AppData\Local\Programs\Python\Python312\Lib\site-packages\nbclient\client.py", line 709, in async_execute
    await self.async_execute_cell(
  File "C:\Users\Fujitsu\AppData\Local\Programs\Python\Python312\Lib\site-packages\nbclient\client.py", line 1062, in async_execute_cell
    await self._check_raise_for_error(cell, cell_index, exec_reply)
  File "C:\Users\Fujitsu\AppData\Local\Programs\Python\Python312\Lib\site-packages\nbclient\client.py", line 918, in _check_raise_for_error
    raise CellExecutionError.from_cell_and_msg(cell, exec_reply_content)
nbclient.exceptions.CellExecutionError: An error occurred while executing the following cell:
------------------
# First build a very simple signature transform module
signature_transform = SignatureTransformer(
    augmentation_list=("addtime",),
    window_name="global",
    window_depth=None,
    window_length=None,
    window_step=None,
    rescaling=None,
    sig_tfm="signature",
    depth=3,
)

# The simply transform the stream data
print("Raw data shape is: {}".format(train_x.shape))
train_signature_x = signature_transform.fit_transform(train_x)
print("Signature shape is: {}".format(train_signature_x.shape))
------------------


[31m---------------------------------------------------------------------------[39m
[31mModuleNotFoundError[39m                       Traceback (most recent call last)
[36mCell[39m[36m [39m[32mIn[4][39m[32m, line 2[39m
[32m      1[39m [38;5;66;03m# First build a very simple signature transform module[39;00m
[32m----> [39m[32m2[39m signature_transform = [43mSignatureTransformer[49m[43m([49m
[32m      3[39m [43m    [49m[43maugmentation_list[49m[43m=[49m[43m([49m[33;43m"[39;49m[33;43maddtime[39;49m[33;43m"[39;49m[43m,[49m[43m)[49m[43m,[49m
[32m      4[39m [43m    [49m[43mwindow_name[49m[43m=[49m[33;43m"[39;49m[33;43mglobal[39;49m[33;43m"[39;49m[43m,[49m
[32m      5[39m [43m    [49m[43mwindow_depth[49m[43m=[49m[38;5;28;43;01mNone[39;49;00m[43m,[49m
[32m      6[39m [43m    [49m[43mwindow_length[49m[43m=[49m[38;5;28;43;01mNone[39;49;00m[43m,[49m
[32m      7[39m [43m    [49m[43mwindow_step[49m[43m=[49m[38;5;28;43;01mNone[39;49;00m[43m,[49m
[32m      8[39m [43m    [49m[43mrescaling[49m[43m=[49m[38;5;28;43;01mNone[39;49;00m[43m,[49m
[32m      9[39m [43m    [49m[43msig_tfm[49m[43m=[49m[33;43m"[39;49m[33;43msignature[39;49m[33;43m"[39;49m[43m,[49m
[32m     10[39m [43m    [49m[43mdepth[49m[43m=[49m[32;43m3[39;49m[43m,[49m
[32m     11[39m [43m)[49m
[32m     13[39m [38;5;66;03m# The simply transform the stream data[39;00m
[32m     14[39m [38;5;28mprint[39m([33m"[39m[33mRaw data shape is: [39m[38;5;132;01m{}[39;00m[33m"[39m.format(train_x.shape))

[36mFile [39m[32m~\AppData\Local\Programs\Python\Python312\Lib\site-packages\sktime\transformations\panel\signature_based\_signature_method.py:100[39m, in [36mSignatureTransformer.__init__[39m[34m(self, augmentation_list, window_name, window_depth, window_length, window_step, rescaling, sig_tfm, depth, backend)[39m
[32m     97[39m [38;5;28mself[39m.depth = depth
[32m     98[39m [38;5;28mself[39m.backend = backend
[32m--> [39m[32m100[39m [38;5;28;43msuper[39;49m[43m([49m[43m)[49m[43m.[49m[34;43m__init__[39;49m[43m([49m[43m)[49m
[32m    102[39m [38;5;28;01mif[39;00m backend == [33m"[39m[33mesig[39m[33m"[39m:
[32m    103[39m     _check_soft_dependencies([33m"[39m[33mesig[39m[33m"[39m)

[36mFile [39m[32m~\AppData\Local\Programs\Python\Python312\Lib\site-packages\sktime\transformations\base.py:209[39m, in [36mBaseTransformer.__init__[39m[34m(self)[39m
[32m    206[39m [38;5;28mself[39m._converter_store_X = [38;5;28mdict[39m()  [38;5;66;03m# storage dictionary for in/output conversion[39;00m
[32m    208[39m [38;5;28msuper[39m().[34m__init__[39m()
[32m--> [39m[32m209[39m [43m_check_estimator_deps[49m[43m([49m[38;5;28;43mself[39;49m[43m)[49m

[36mFile [39m[32m~\AppData\Local\Programs\Python\Python312\Lib\site-packages\sktime\utils\validation\_dependencies.py:426[39m, in [36m_check_estimator_deps[39m[34m(obj, msg, severity)[39m
[32m    423[39m         compatible = compatible [38;5;129;01mand[39;00m x_chk
[32m    424[39m     [38;5;28;01mreturn[39;00m compatible
[32m--> [39m[32m426[39m compatible = compatible [38;5;129;01mand[39;00m [43m_check_python_version[49m[43m([49m[43mobj[49m[43m,[49m[43m [49m[43mseverity[49m[43m=[49m[43mseverity[49m[43m)[49m
[32m    428[39m pkg_deps = obj.get_class_tag([33m"[39m[33mpython_dependencies[39m[33m"[39m, [38;5;28;01mNone[39;00m)
[32m    429[39m pck_alias = obj.get_class_tag([33m"[39m[33mpython_dependencies_alias[39m[33m"[39m, [38;5;28;01mNone[39;00m)

[36mFile [39m[32m~\AppData\Local\Programs\Python\Python312\Lib\site-packages\sktime\utils\validation\_dependencies.py:364[39m, in [36m_check_python_version[39m[34m(obj, package, msg, severity)[39m
[32m    359[39m         msg += (
[32m    360[39m             [33mf[39m[33m"[39m[33m This is due to python version requirements of the [39m[38;5;132;01m{[39;00mpackage[38;5;132;01m}[39;00m[33m package.[39m[33m"[39m
[32m    361[39m         )
[32m    363[39m [38;5;28;01mif[39;00m severity == [33m"[39m[33merror[39m[33m"[39m:
[32m--> [39m[32m364[39m     [38;5;28;01mraise[39;00m [38;5;167;01mModuleNotFoundError[39;00m(msg)
[32m    365[39m [38;5;28;01melif[39;00m severity == [33m"[39m[33mwarning[39m[33m"[39m:
[32m    366[39m     warnings.warn(msg, stacklevel=[32m2[39m)

[31mModuleNotFoundError[39m: SignatureTransformer requires python version to be <3.10, but system python version is 3.12.4 (tags/v3.12.4:8e8a4ba, Jun  6 2024, 19:30:16) [MSC v.1940 64 bit (AMD64)].

